<?xml version="1.0" encoding="UTF-8" ?>
<testsuites>
  <testsuite errors="0" failures="0" hostname="Brians-MacBook-Pro.local" id="0" name="PostIntegrationTests" package="com.grailsinaction" tests="3" time="0.565" timestamp="2012-02-27T00:52:17">
      <properties />

      <testcase classname="com.grailsinaction.PostIntegrationTests" name="testFirstPost" time="0.456" />

      <testcase classname="com.grailsinaction.PostIntegrationTests" name="testAccessingPosts" time="0.047" />

      <testcase classname="com.grailsinaction.PostIntegrationTests" name="testPostWithTags" time="0.057" />

      <system-out><![CDATA[--Output from testFirstPost--
--Output from testAccessingPosts--
--Output from testPostWithTags--
]]></system-out>

      <system-err><![CDATA[--Output from testFirstPost--
--Output from testAccessingPosts--
--Output from testPostWithTags--
]]></system-err>

  </testsuite>
  <testsuite errors="0" failures="0" hostname="Brians-MacBook-Pro.local" id="1" name="QueryIntegrationTests" package="com.grailsinaction" tests="2" time="0.329" timestamp="2012-02-27T00:52:18">
      <properties />

      <testcase classname="com.grailsinaction.QueryIntegrationTests" name="testBasicDynamicFinders" time="0.246" />

      <testcase classname="com.grailsinaction.QueryIntegrationTests" name="testQueryByExample" time="0.079" />

      <system-out><![CDATA[--Output from testBasicDynamicFinders--
--Output from testQueryByExample--
]]></system-out>

      <system-err><![CDATA[--Output from testBasicDynamicFinders--
--Output from testQueryByExample--
]]></system-err>

  </testsuite>
  <testsuite errors="0" failures="0" hostname="Brians-MacBook-Pro.local" id="2" name="UserIntegrationTests" package="com.grailsinaction" tests="6" time="0.38" timestamp="2012-02-27T00:52:18">
      <properties />

      <testcase classname="com.grailsinaction.UserIntegrationTests" name="testFirstSaveEver" time="0.041" />

      <testcase classname="com.grailsinaction.UserIntegrationTests" name="testSaveAndUpdate" time="0.028" />

      <testcase classname="com.grailsinaction.UserIntegrationTests" name="testSaveThenDelete" time="0.108" />

      <testcase classname="com.grailsinaction.UserIntegrationTests" name="testEvilSave" time="0.084" />

      <testcase classname="com.grailsinaction.UserIntegrationTests" name="testEvilSaveCorrected" time="0.068" />

      <testcase classname="com.grailsinaction.UserIntegrationTests" name="testFollowing" time="0.044" />

      <system-out><![CDATA[--Output from testFirstSaveEver--
--Output from testSaveAndUpdate--
--Output from testSaveThenDelete--
--Output from testEvilSave--
--Output from testEvilSaveCorrected--
--Output from testFollowing--
]]></system-out>

      <system-err><![CDATA[--Output from testFirstSaveEver--
--Output from testSaveAndUpdate--
--Output from testSaveThenDelete--
--Output from testEvilSave--
--Output from testEvilSaveCorrected--
--Output from testFollowing--
]]></system-err>

  </testsuite>
  <testsuite errors="0" failures="0" hostname="Brians-MacBook-Pro.local" id="3" name="PostControllerTests" package="com.grailsinaction" tests="1" time="1.815" timestamp="2012-02-27T00:52:06">
      <properties />

      <testcase classname="com.grailsinaction.PostControllerTests" name="testSomething" time="1.605" />

      <system-out><![CDATA[--Output from testSomething--
]]></system-out>

      <system-err><![CDATA[--Output from testSomething--
]]></system-err>

  </testsuite>
  <testsuite errors="0" failures="0" hostname="Brians-MacBook-Pro.local" id="4" name="PostTests" package="com.grailsinaction" tests="1" time="0.453" timestamp="2012-02-27T00:52:07">
      <properties />

      <testcase classname="com.grailsinaction.PostTests" name="testSomething" time="0.403" />

      <system-out><![CDATA[--Output from testSomething--
]]></system-out>

      <system-err><![CDATA[--Output from testSomething--
]]></system-err>

  </testsuite>
  <testsuite errors="0" failures="0" hostname="Brians-MacBook-Pro.local" id="5" name="ProfileControllerTests" package="com.grailsinaction" tests="1" time="0.158" timestamp="2012-02-27T00:52:08">
      <properties />

      <testcase classname="com.grailsinaction.ProfileControllerTests" name="testSomething" time="0.1" />

      <system-out><![CDATA[--Output from testSomething--
]]></system-out>

      <system-err><![CDATA[--Output from testSomething--
]]></system-err>

  </testsuite>
  <testsuite errors="0" failures="0" hostname="Brians-MacBook-Pro.local" id="6" name="ProfileTests" package="com.grailsinaction" tests="1" time="0.129" timestamp="2012-02-27T00:52:08">
      <properties />

      <testcase classname="com.grailsinaction.ProfileTests" name="testSomething" time="0.042" />

      <system-out><![CDATA[--Output from testSomething--
]]></system-out>

      <system-err><![CDATA[--Output from testSomething--
]]></system-err>

  </testsuite>
  <testsuite errors="0" failures="0" hostname="Brians-MacBook-Pro.local" id="7" name="TagControllerTests" package="com.grailsinaction" tests="1" time="0.127" timestamp="2012-02-27T00:52:08">
      <properties />

      <testcase classname="com.grailsinaction.TagControllerTests" name="testSomething" time="0.081" />

      <system-out><![CDATA[--Output from testSomething--
]]></system-out>

      <system-err><![CDATA[--Output from testSomething--
]]></system-err>

  </testsuite>
  <testsuite errors="0" failures="0" hostname="Brians-MacBook-Pro.local" id="8" name="TagTests" package="com.grailsinaction" tests="1" time="0.156" timestamp="2012-02-27T00:52:08">
      <properties />

      <testcase classname="com.grailsinaction.TagTests" name="testSomething" time="0.094" />

      <system-out><![CDATA[--Output from testSomething--
]]></system-out>

      <system-err><![CDATA[--Output from testSomething--
]]></system-err>

  </testsuite>
  <testsuite errors="0" failures="0" hostname="Brians-MacBook-Pro.local" id="9" name="UserControllerTests" package="com.grailsinaction" tests="1" time="0.164" timestamp="2012-02-27T00:52:08">
      <properties />

      <testcase classname="com.grailsinaction.UserControllerTests" name="testSomething" time="0.115" />

      <system-out><![CDATA[--Output from testSomething--
]]></system-out>

      <system-err><![CDATA[--Output from testSomething--
]]></system-err>

  </testsuite>
  <testsuite errors="0" failures="0" hostname="Brians-MacBook-Pro.local" id="10" name="UserTests" package="com.grailsinaction" tests="1" time="0.077" timestamp="2012-02-27T00:52:09">
      <properties />

      <testcase classname="com.grailsinaction.UserTests" name="testSomething" time="0.073" />

      <system-out><![CDATA[--Output from testSomething--
]]></system-out>

      <system-err><![CDATA[--Output from testSomething--
]]></system-err>

  </testsuite>
</testsuites>
